\BOOKMARK [0][]{chapter.1}{\376\377\000B\000e\000v\000e\000z\000e\000t\001\121}{}% 1
\BOOKMARK [0][]{chapter.2}{\376\377\000P\000r\000o\000g\000r\000a\000m\000o\000k\000,\000\040\000t\000e\000c\000h\000n\000o\000l\000\363\000g\000i\000\341\000k\000\040\000b\000e\000m\000u\000t\000a\000t\000\341\000s\000a}{}% 2
\BOOKMARK [1][]{section.2.1}{\376\377\000B\000e\000\351\000p\000\355\000t\000e\000t\000t\000\040\000s\000z\000o\000f\000t\000v\000e\000r\000e\000k\000,\000\040\000k\000\366\000n\000y\000v\000t\000\341\000r\000a\000k}{chapter.2}% 3
\BOOKMARK [2][]{subsection.2.1.1}{\376\377\000M\000a\000t\000l\000a\000b\000\040\000-\000\040\000o\000d\000e\0004\0005}{section.2.1}% 4
\BOOKMARK [2][]{subsection.2.1.2}{\376\377\000B\000o\000o\000s\000t\000\040\000-\000\040\000O\000d\000e\000i\000n\000t}{section.2.1}% 5
\BOOKMARK [1][]{section.2.2}{\376\377\000\301\000l\000t\000a\000l\000a\000m\000\040\000m\000e\000g\000v\000a\000l\000\363\000s\000\355\000t\000o\000t\000t\000\040\000s\000z\000o\000f\000t\000v\000e\000r\000e\000k}{chapter.2}% 6
\BOOKMARK [1][]{section.2.3}{\376\377\000S\000z\000o\000f\000t\000v\000e\000r\000e\000k\000\040\000\366\000s\000s\000z\000e\000h\000a\000s\000o\000n\000l\000\355\000t\000\341\000s\000a}{chapter.2}% 7
\BOOKMARK [1][]{section.2.4}{\376\377\000D\000i\000f\000f\000e\000r\000e\000n\000c\000i\000\341\000l\000e\000g\000y\000e\000n\000l\000e\000t\000e\000k\000\040\000m\000e\000g\000o\000l\000d\000\341\000s\000a\000\040\000G\000P\000U\000-\000n}{chapter.2}% 8
\BOOKMARK [0][]{chapter.3}{\376\377\000E\000r\000e\000d\000m\000\351\000n\000y\000e\000k\000,\000\040\000k\000\366\000v\000e\000t\000k\000e\000z\000t\000e\000t\000\351\000s\000e\000k}{}% 9
\BOOKMARK [1][]{section.3.1}{\376\377\000B\000e\000\351\000p\000\355\000t\000e\000t\000t\000\040\000s\000z\000o\000f\000t\000v\000e\000r\000e\000k\000\040\000e\000s\000e\000t\000\351\000n}{chapter.3}% 10
\BOOKMARK [1][]{section.3.2}{\376\377\000S\000a\000j\000\341\000t\000\040\000s\000z\000o\000f\000t\000v\000e\000r\000e\000k\000\040\000e\000s\000e\000t\000\351\000n}{chapter.3}% 11
\BOOKMARK [1][]{section.3.3}{\376\377\000\326\000s\000s\000z\000e\000s\000s\000\351\000g\000\351\000b\000e\000n}{chapter.3}% 12
\BOOKMARK [0][]{chapter.4}{\376\377\000S\000z\000\341\000m\000\355\000t\000\363\000g\000\351\000p\000e\000s\000\040\000e\000l\000e\000m\000z\000\351\000s}{}% 13
\BOOKMARK [0][]{chapter.5}{\376\377\000S\000z\000o\000f\000t\000v\000e\000r}{}% 14
\BOOKMARK [1][]{section.5.1}{\376\377\000A\000\040\000s\000z\000o\000f\000t\000v\000e\000r\000\040\000b\000e\000m\000u\000t\000a\000t\000\341\000s\000a}{chapter.5}% 15
\BOOKMARK [1][]{section.5.2}{\376\377\000A\000\040\000s\000z\000o\000f\000t\000v\000e\000r\000\040\000m\000e\000g\000\355\000r\000\341\000s\000\341\000h\000o\000z\000\040\000h\000a\000s\000z\000n\000\341\000l\000t\000\040\000k\000\366\000n\000y\000v\000t\000\341\000r\000a\000k}{chapter.5}% 16
\BOOKMARK [1][]{section.5.3}{\376\377\000D\000i\000a\000g\000r\000a\000m\000o\000k}{chapter.5}% 17
\BOOKMARK [2][]{subsection.5.3.1}{\376\377\000U\000s\000e\000\040\000C\000a\000s\000e\000\040\000d\000i\000a\000g\000r\000a\000m}{section.5.3}% 18
\BOOKMARK [2][]{subsection.5.3.2}{\376\377\000O\000s\000z\000t\000\341\000l\000y\000d\000i\000a\000g\000r\000a\000m}{section.5.3}% 19
\BOOKMARK [2][]{subsection.5.3.3}{\376\377\000S\000z\000e\000k\000v\000e\000n\000c\000i\000a\000\040\000d\000i\000a\000g\000r\000a\000m}{section.5.3}% 20
\BOOKMARK [0][]{chapter*.18}{\376\377\000\326\000s\000s\000z\000e\000f\000o\000g\000l\000a\000l\000\363}{}% 21
\BOOKMARK [0][]{chapter*.19}{\376\377\000K\000\366\000s\000z\000\366\000n\000e\000t\000n\000y\000i\000l\000v\000\341\000n\000\355\000t\000\341\000s}{}% 22
\BOOKMARK [0][]{chapter*.20}{\376\377\000\301\000b\000r\000\341\000k\000\040\000j\000e\000g\000y\000z\000\351\000k\000e}{}% 23
\BOOKMARK [0][]{chapter*.21}{\376\377\000T\000\341\000b\000l\000\341\000z\000a\000t\000o\000k\000\040\000j\000e\000g\000y\000z\000\351\000k\000e}{}% 24
\BOOKMARK [0][]{chapter*.22}{\376\377\000I\000r\000o\000d\000a\000l\000o\000m\000j\000e\000g\000y\000z\000\351\000k}{}% 25
\BOOKMARK [0][]{appendix*.23}{\376\377\000F\000\374\000g\000g\000e\000l\000\351\000k}{}% 26
\BOOKMARK [1][]{section.F.1}{\376\377\000A\000\040\000T\000e\000X\000s\000t\000u\000d\000i\000o\000\040\000f\000e\000l\000\374\000l\000e\000t\000e}{appendix*.23}% 27
\BOOKMARK [1][]{section.F.2}{\376\377\000V\000\341\000l\000a\000s\000z\000\040\000a\000z\000\040\000,\000,\000\311\000l\000e\000t\000,\000\040\000a\000\040\000v\000i\000l\000\341\000g\000m\000i\000n\000d\000e\000n\000s\000\351\000g\000,\000\040\000m\000e\000g\000\040\000m\000i\000n\000d\000e\000n\000'\000'\000\040\000k\000\351\000r\000d\000\351\000s\000\351\000r\000e}{appendix*.23}% 28
